Pager started with 4 physical memory pages
vm_create	(14780, 22334)
vm_create returned 0
vm_switch	(22334)
					returning to (22334) with r|w pages:
vm_map		(0x0, 0)
vm_map returned 0x600000000
					returning to (22334) with r|w pages:
					r	vpage 0x60000	ppage 0x0
vm_map		(0x0, 0)
vm_map returned 0x600010000
					returning to (22334) with r|w pages:
					r	vpage 0x60000	ppage 0x0
					r	vpage 0x60001	ppage 0x0
vm_map		(0x0, 0)
vm_map returned 0x600020000
					returning to (22334) with r|w pages:
					r	vpage 0x60000	ppage 0x0
					r	vpage 0x60001	ppage 0x0
					r	vpage 0x60002	ppage 0x0
vm_map		(0x0, 0)
vm_map returned 0x600030000
					returning to (22334) with r|w pages:
					r	vpage 0x60000	ppage 0x0
					r	vpage 0x60001	ppage 0x0
					r	vpage 0x60002	ppage 0x0
					r	vpage 0x60003	ppage 0x0
vm_map		(0x0, 0)
vm_map returned 0x600040000
					returning to (22334) with r|w pages:
					r	vpage 0x60000	ppage 0x0
					r	vpage 0x60001	ppage 0x0
					r	vpage 0x60002	ppage 0x0
					r	vpage 0x60003	ppage 0x0
					r	vpage 0x60004	ppage 0x0
vm_map		(0x0, 0)
vm_map returned 0x600050000
					returning to (22334) with r|w pages:
					r	vpage 0x60000	ppage 0x0
					r	vpage 0x60001	ppage 0x0
					r	vpage 0x60002	ppage 0x0
					r	vpage 0x60003	ppage 0x0
					r	vpage 0x60004	ppage 0x0
					r	vpage 0x60005	ppage 0x0
vm_map		(0x0, 0)
vm_map returned 0x600060000
					returning to (22334) with r|w pages:
					r	vpage 0x60000	ppage 0x0
					r	vpage 0x60001	ppage 0x0
					r	vpage 0x60002	ppage 0x0
					r	vpage 0x60003	ppage 0x0
					r	vpage 0x60004	ppage 0x0
					r	vpage 0x60005	ppage 0x0
					r	vpage 0x60006	ppage 0x0
vm_map		(0x0, 0)
vm_map returned 0x600070000
					returning to (22334) with r|w pages:
					r	vpage 0x60000	ppage 0x0
					r	vpage 0x60001	ppage 0x0
					r	vpage 0x60002	ppage 0x0
					r	vpage 0x60003	ppage 0x0
					r	vpage 0x60004	ppage 0x0
					r	vpage 0x60005	ppage 0x0
					r	vpage 0x60006	ppage 0x0
					r	vpage 0x60007	ppage 0x0
vm_fault	(0x600000000, write)
vm_fault returned 0
					returning to (22334) with r|w pages:
					rw	vpage 0x60000	ppage 0x1
					r	vpage 0x60001	ppage 0x0
					r	vpage 0x60002	ppage 0x0
					r	vpage 0x60003	ppage 0x0
					r	vpage 0x60004	ppage 0x0
					r	vpage 0x60005	ppage 0x0
					r	vpage 0x60006	ppage 0x0
					r	vpage 0x60007	ppage 0x0
vm_fault	(0x600010000, write)
vm_fault returned 0
					returning to (22334) with r|w pages:
					rw	vpage 0x60000	ppage 0x1
					rw	vpage 0x60001	ppage 0x2
					r	vpage 0x60002	ppage 0x0
					r	vpage 0x60003	ppage 0x0
					r	vpage 0x60004	ppage 0x0
					r	vpage 0x60005	ppage 0x0
					r	vpage 0x60006	ppage 0x0
					r	vpage 0x60007	ppage 0x0
vm_fault	(0x600020000, write)
vm_fault returned 0
					returning to (22334) with r|w pages:
					rw	vpage 0x60000	ppage 0x1
					rw	vpage 0x60001	ppage 0x2
					rw	vpage 0x60002	ppage 0x3
					r	vpage 0x60003	ppage 0x0
					r	vpage 0x60004	ppage 0x0
					r	vpage 0x60005	ppage 0x0
					r	vpage 0x60006	ppage 0x0
					r	vpage 0x60007	ppage 0x0
vm_fault	(0x600030000, write)
file_write	(<swap>, 0)
vm_fault returned 0
					returning to (22334) with r|w pages:
					rw	vpage 0x60003	ppage 0x1
					r	vpage 0x60004	ppage 0x0
					r	vpage 0x60005	ppage 0x0
					r	vpage 0x60006	ppage 0x0
					r	vpage 0x60007	ppage 0x0
vm_map		(0x600000000, 0)
file_write	(<swap>, 1)
file_read	(<swap>, 0)
vm_map returned 0x600080000
					returning to (22334) with r|w pages:
					r	vpage 0x60000	ppage 0x2
					rw	vpage 0x60003	ppage 0x1
					r	vpage 0x60004	ppage 0x0
					r	vpage 0x60005	ppage 0x0
					r	vpage 0x60006	ppage 0x0
					r	vpage 0x60007	ppage 0x0
vm_map		(0x600000000, 0)
vm_map returned 0x600090000
					returning to (22334) with r|w pages:
					r	vpage 0x60000	ppage 0x2
					rw	vpage 0x60003	ppage 0x1
					r	vpage 0x60004	ppage 0x0
					r	vpage 0x60005	ppage 0x0
					r	vpage 0x60006	ppage 0x0
					r	vpage 0x60007	ppage 0x0
vm_map		(0x600000000, 0)
vm_map returned 0x6000a0000
					returning to (22334) with r|w pages:
					r	vpage 0x60000	ppage 0x2
					rw	vpage 0x60003	ppage 0x1
					r	vpage 0x60004	ppage 0x0
					r	vpage 0x60005	ppage 0x0
					r	vpage 0x60006	ppage 0x0
					r	vpage 0x60007	ppage 0x0
vm_map		(0x600090000, 0)
file_write	(<swap>, 2)
file_read	(, 0)
open: No such file or directory
vm_map returned 0x0
					returning to (22334) with r|w pages:
					r	vpage 0x60000	ppage 0x2
					rw	vpage 0x60003	ppage 0x1
					r	vpage 0x60004	ppage 0x0
					r	vpage 0x60005	ppage 0x0
					r	vpage 0x60006	ppage 0x0
					r	vpage 0x60007	ppage 0x0
vm_map		(0x600090000, 0)
file_write	(<swap>, 3)
file_read	(, 0)
open: No such file or directory
vm_map returned 0x0
					returning to (22334) with r|w pages:
					r	vpage 0x60004	ppage 0x0
					r	vpage 0x60005	ppage 0x0
					r	vpage 0x60006	ppage 0x0
					r	vpage 0x60007	ppage 0x0
vm_map		(0x600010000, 0)
file_read	(<swap>, 1)
vm_map returned 0x6000b0000
					returning to (22334) with r|w pages:
					r	vpage 0x60001	ppage 0x2
					r	vpage 0x60004	ppage 0x0
					r	vpage 0x60005	ppage 0x0
					r	vpage 0x60006	ppage 0x0
					r	vpage 0x60007	ppage 0x0
vm_map		(0x600020000, 0)
file_read	(<swap>, 2)
vm_map returned 0x6000c0000
					returning to (22334) with r|w pages:
					r	vpage 0x60001	ppage 0x2
					r	vpage 0x60002	ppage 0x1
					r	vpage 0x60004	ppage 0x0
					r	vpage 0x60005	ppage 0x0
					r	vpage 0x60006	ppage 0x0
					r	vpage 0x60007	ppage 0x0
vm_map		(0x600030000, 0)
file_read	(<swap>, 3)
vm_map returned 0x6000d0000
					returning to (22334) with r|w pages:
					r	vpage 0x60003	ppage 0x0
					r	vpage 0x60004	ppage 0x0
					r	vpage 0x60005	ppage 0x0
					r	vpage 0x60006	ppage 0x0
					r	vpage 0x60007	ppage 0x0
vm_map		(0x6000a0000, 0)
file_read	(, 0)
open: No such file or directory
vm_map returned 0x0
					returning to (22334) with r|w pages:
					r	vpage 0x60003	ppage 0x0
					r	vpage 0x60004	ppage 0x0
					r	vpage 0x60005	ppage 0x0
					r	vpage 0x60006	ppage 0x0
					r	vpage 0x60007	ppage 0x0
vm_map		(0x6000a0000, 0)
file_read	(, 0)
open: No such file or directory
vm_map returned 0x0
					returning to (22334) with r|w pages:
					r	vpage 0x60003	ppage 0x0
					r	vpage 0x60004	ppage 0x0
					r	vpage 0x60005	ppage 0x0
					r	vpage 0x60006	ppage 0x0
					r	vpage 0x60007	ppage 0x0
vm_fault	(0x600000000, write)
file_read	(<swap>, 0)
vm_fault returned 0
					returning to (22334) with r|w pages:
					rw	vpage 0x60000	ppage 0x0
					r	vpage 0x60004	ppage 0x0
					r	vpage 0x60005	ppage 0x0
					r	vpage 0x60006	ppage 0x0
					r	vpage 0x60007	ppage 0x0
vm_fault	(0x600010000, write)
file_read	(<swap>, 1)
vm_fault returned 0
					returning to (22334) with r|w pages:
					rw	vpage 0x60000	ppage 0x0
					rw	vpage 0x60001	ppage 0x1
					r	vpage 0x60004	ppage 0x0
					r	vpage 0x60005	ppage 0x0
					r	vpage 0x60006	ppage 0x0
					r	vpage 0x60007	ppage 0x0
vm_fault	(0x600020000, write)
file_read	(<swap>, 2)
vm_fault returned 0
					returning to (22334) with r|w pages:
					rw	vpage 0x60000	ppage 0x0
					rw	vpage 0x60001	ppage 0x1
					rw	vpage 0x60002	ppage 0x0
					r	vpage 0x60004	ppage 0x0
					r	vpage 0x60005	ppage 0x0
					r	vpage 0x60006	ppage 0x0
					r	vpage 0x60007	ppage 0x0
vm_fault	(0x600030000, write)
file_write	(<swap>, 0)
file_read	(<swap>, 3)
vm_fault returned 0
					returning to (22334) with r|w pages:
					rw	vpage 0x60003	ppage 0x0
					r	vpage 0x60004	ppage 0x0
					r	vpage 0x60005	ppage 0x0
					r	vpage 0x60006	ppage 0x0
					r	vpage 0x60007	ppage 0x0
vm_fault	(0x600000000, read)
file_write	(<swap>, 1)
file_read	(<swap>, 0)
vm_fault returned 0
					returning to (22334) with r|w pages:
					r	vpage 0x60000	ppage 0x1
					rw	vpage 0x60003	ppage 0x0
					r	vpage 0x60004	ppage 0x0
					r	vpage 0x60005	ppage 0x0
					r	vpage 0x60006	ppage 0x0
					r	vpage 0x60007	ppage 0x0
vm_fault	(0x600020001, read)
vm_fault returned 0
					returning to (22334) with r|w pages:
					r	vpage 0x60000	ppage 0x1
					rw	vpage 0x60002	ppage 0x0
					rw	vpage 0x60003	ppage 0x0
					r	vpage 0x60004	ppage 0x0
					r	vpage 0x60005	ppage 0x0
					r	vpage 0x60006	ppage 0x0
					r	vpage 0x60007	ppage 0x0
vm_fault	(0x6000a0001, read)
file_write	(<swap>, 2)
file_read	(, 0)
open: No such file or directory
vm_fault returned -1
					returning to (22334) with r|w pages:
					r	vpage 0x60004	ppage 0x0
					r	vpage 0x60005	ppage 0x0
					r	vpage 0x60006	ppage 0x0
					r	vpage 0x60007	ppage 0x0
vm_destroy
