Pager started with 4 physical memory pages
vm_create	(21930, 30363)
vm_create returned 0
vm_switch	(30363)
					returning to (30363) with r|w pages:
vm_map		(0x0, 0)
vm_map returned 0x600000000
					returning to (30363) with r|w pages:
					r	vpage 0x60000	ppage 0x0
vm_map		(0x0, 0)
vm_map returned 0x600010000
					returning to (30363) with r|w pages:
					r	vpage 0x60000	ppage 0x0
					r	vpage 0x60001	ppage 0x0
vm_map		(0x0, 0)
vm_map returned 0x600020000
					returning to (30363) with r|w pages:
					r	vpage 0x60000	ppage 0x0
					r	vpage 0x60001	ppage 0x0
					r	vpage 0x60002	ppage 0x0
vm_map		(0x0, 0)
vm_map returned 0x600030000
					returning to (30363) with r|w pages:
					r	vpage 0x60000	ppage 0x0
					r	vpage 0x60001	ppage 0x0
					r	vpage 0x60002	ppage 0x0
					r	vpage 0x60003	ppage 0x0
vm_map		(0x0, 0)
vm_map returned 0x600040000
					returning to (30363) with r|w pages:
					r	vpage 0x60000	ppage 0x0
					r	vpage 0x60001	ppage 0x0
					r	vpage 0x60002	ppage 0x0
					r	vpage 0x60003	ppage 0x0
					r	vpage 0x60004	ppage 0x0
vm_fault	(0x600000000, write)
vm_fault returned 0
					returning to (30363) with r|w pages:
					rw	vpage 0x60000	ppage 0x1
					r	vpage 0x60001	ppage 0x0
					r	vpage 0x60002	ppage 0x0
					r	vpage 0x60003	ppage 0x0
					r	vpage 0x60004	ppage 0x0
vm_map		(0x600000000, 0)
vm_map returned 0x600050000
					returning to (30363) with r|w pages:
					rw	vpage 0x60000	ppage 0x1
					r	vpage 0x60001	ppage 0x0
					r	vpage 0x60002	ppage 0x0
					r	vpage 0x60003	ppage 0x0
					r	vpage 0x60004	ppage 0x0
vm_map		(0x600010000, 0)
vm_map returned 0x600060000
					returning to (30363) with r|w pages:
					rw	vpage 0x60000	ppage 0x1
					r	vpage 0x60001	ppage 0x0
					r	vpage 0x60002	ppage 0x0
					r	vpage 0x60003	ppage 0x0
					r	vpage 0x60004	ppage 0x0
vm_map		(0x600020000, 0)
vm_map returned 0x600070000
					returning to (30363) with r|w pages:
					rw	vpage 0x60000	ppage 0x1
					r	vpage 0x60001	ppage 0x0
					r	vpage 0x60002	ppage 0x0
					r	vpage 0x60003	ppage 0x0
					r	vpage 0x60004	ppage 0x0
vm_map		(0x600030000, 0)
vm_map returned 0x600080000
					returning to (30363) with r|w pages:
					rw	vpage 0x60000	ppage 0x1
					r	vpage 0x60001	ppage 0x0
					r	vpage 0x60002	ppage 0x0
					r	vpage 0x60003	ppage 0x0
					r	vpage 0x60004	ppage 0x0
vm_map		(0x600040000, 0)
vm_map returned 0x600090000
					returning to (30363) with r|w pages:
					rw	vpage 0x60000	ppage 0x1
					r	vpage 0x60001	ppage 0x0
					r	vpage 0x60002	ppage 0x0
					r	vpage 0x60003	ppage 0x0
					r	vpage 0x60004	ppage 0x0
vm_fault	(0x600050000, read)
file_read	(lampson83.txt, 0)
vm_fault returned 0
					returning to (30363) with r|w pages:
					rw	vpage 0x60000	ppage 0x1
					r	vpage 0x60001	ppage 0x0
					r	vpage 0x60002	ppage 0x0
					r	vpage 0x60003	ppage 0x0
					r	vpage 0x60004	ppage 0x0
					r	vpage 0x60005	ppage 0x2
vm_fault	(0x600060000, read)
file_read	(, 0)
open: No such file or directory
vm_fault returned -1
					returning to (30363) with r|w pages:
					rw	vpage 0x60000	ppage 0x1
					r	vpage 0x60001	ppage 0x0
					r	vpage 0x60002	ppage 0x0
					r	vpage 0x60003	ppage 0x0
					r	vpage 0x60004	ppage 0x0
					r	vpage 0x60005	ppage 0x2
vm_destroy
